<?xml version="1.0" encoding="UTF-8"?>
<!-- Generated by org.testng.reporters.JUnitReportReporter -->
<testsuite hostname="LAPTOP-EPL97G2G" failures="0" tests="3" name="testNG01.Test02" time="0.011" errors="0" timestamp="2022-12-28T23:07:28 IST" skipped="0">
  <testcase classname="testNG01.Test02" name="g" time="0.001"/>
  <system-out>
    <![CDATA[Im test g]]>
  </system-out>
  <testcase classname="testNG01.Test02" name="f" time="0.009"/>
  <system-out>
    <![CDATA[Im test f]]>
  </system-out>
  <testcase classname="testNG01.Test02" name="i" time="0.001"/>
  <system-out>
    <![CDATA[Im test i]]>
  </system-out>
</testsuite> <!-- testNG01.Test02 -->
