<?xml version="1.0" encoding="UTF-8"?>
<!-- Generated by org.testng.reporters.JUnitReportReporter -->
<testsuite hostname="LAPTOP-EPL97G2G" failures="0" tests="1" name="testNG02.A02" time="4.061" errors="0" timestamp="2022-12-28T23:44:19 IST" skipped="0">
  <testcase classname="testNG02.A02" name="fb" time="4.061"/>
  <system-out/>
</testsuite> <!-- testNG02.A02 -->
