<?xml version="1.0" encoding="UTF-8"?>
<!-- Generated by org.testng.reporters.JUnitReportReporter -->
<testsuite hostname="LAPTOP-EPL97G2G" failures="0" tests="3" name="testNG01.First02" time="0.004" errors="0" timestamp="2022-12-28T22:27:06 IST" skipped="0">
  <testcase classname="testNG01.First02" name="h" time="0.002"/>
  <system-out>
    <![CDATA[Im test h]]>
  </system-out>
  <testcase classname="testNG01.First02" name="f" time="0.001"/>
  <system-out>
    <![CDATA[Im test f]]>
  </system-out>
  <testcase classname="testNG01.First02" name="j" time="0.001"/>
  <system-out>
    <![CDATA[Im test j]]>
  </system-out>
</testsuite> <!-- testNG01.First02 -->
