<?xml version="1.0" encoding="UTF-8"?>
<!-- Generated by org.testng.reporters.JUnitReportReporter -->
<testsuite hostname="LAPTOP-EPL97G2G" failures="0" tests="4" name="testNG01.Test01" time="0.006" errors="0" timestamp="2022-12-28T23:07:28 IST" skipped="0">
  <testcase classname="testNG01.Test01" name="b" time="0.001"/>
  <system-out>
    <![CDATA[Im test b]]>
  </system-out>
  <testcase classname="testNG01.Test01" name="d" time="0.001"/>
  <system-out>
    <![CDATA[Im test d]]>
  </system-out>
  <testcase classname="testNG01.Test01" name="a" time="0.001"/>
  <system-out>
    <![CDATA[Im test a]]>
  </system-out>
  <testcase classname="testNG01.Test01" name="e" time="0.003"/>
  <system-out>
    <![CDATA[Im test e]]>
  </system-out>
</testsuite> <!-- testNG01.Test01 -->
