<?xml version="1.0" encoding="UTF-8"?>
<!-- Generated by org.testng.reporters.JUnitReportReporter -->
<testsuite hostname="LAPTOP-EPL97G2G" failures="0" tests="2" name="testNG01.First01" time="0.011" errors="0" timestamp="2022-12-28T22:27:06 IST" skipped="0">
  <testcase classname="testNG01.First01" name="a" time="0.009"/>
  <system-out>
    <![CDATA[Im test a]]>
  </system-out>
  <testcase classname="testNG01.First01" name="e" time="0.002"/>
  <system-out>
    <![CDATA[Im test e]]>
  </system-out>
</testsuite> <!-- testNG01.First01 -->
